c:\git\civilproject\civilproject\x64\debug\vc141.pdb
c:\git\civilproject\civilproject\x64\debug\vc141.idb
c:\git\civilproject\civilproject\x64\debug\writef.obj
c:\git\civilproject\civilproject\x64\debug\writec.obj
c:\git\civilproject\civilproject\x64\debug\wdrawogl.obj
c:\git\civilproject\civilproject\x64\debug\wdrawcons.obj
c:\git\civilproject\civilproject\x64\debug\readf.obj
c:\git\civilproject\civilproject\x64\debug\readc.obj
c:\git\civilproject\civilproject\x64\debug\point2d.obj
c:\git\civilproject\civilproject\x64\debug\operation_w_double.obj
c:\git\civilproject\civilproject\x64\debug\iwdraw.obj
c:\git\civilproject\civilproject\x64\debug\iread.obj
c:\git\civilproject\civilproject\x64\debug\exceptions.obj
c:\git\civilproject\civilproject\x64\debug\civilproject.obj
c:\git\civilproject\civilproject\x64\debug\ibaseobject.obj
c:\git\civilproject\civilproject\x64\debug\circle.obj
c:\git\civilproject\civilproject\x64\debug\baseimpl.obj
c:\git\civilproject\civilproject\x64\debug\arcimpl.obj
c:\git\civilproject\civilproject\x64\debug\arc.obj
c:\git\civilproject\civilproject\x64\debug\polylineimpl.obj
c:\git\civilproject\civilproject\x64\debug\polyline.obj
c:\git\civilproject\civilproject\x64\debug\polygone.obj
c:\git\civilproject\civilproject\x64\debug\square.obj
c:\git\civilproject\civilproject\x64\debug\rect.obj
c:\git\civilproject\civilproject\x64\debug\palalimpl.obj
c:\git\civilproject\civilproject\x64\debug\aparallelogram.obj
c:\git\civilproject\x64\debug\civilproject.exe
c:\git\civilproject\x64\debug\civilproject.ilk
c:\git\civilproject\x64\debug\civilproject.pdb
c:\git\civilproject\civilproject\x64\debug\civilproject.tlog\cl.command.1.tlog
c:\git\civilproject\civilproject\x64\debug\civilproject.tlog\cl.read.1.tlog
c:\git\civilproject\civilproject\x64\debug\civilproject.tlog\cl.write.1.tlog
c:\git\civilproject\civilproject\x64\debug\civilproject.tlog\link.command.1.tlog
c:\git\civilproject\civilproject\x64\debug\civilproject.tlog\link.read.1.tlog
c:\git\civilproject\civilproject\x64\debug\civilproject.tlog\link.write.1.tlog
